<?xml version="1.0" encoding="UTF-8"?>
<testsuite xmlns:xsi="http://www.w3.org/2001/XMLSchema-instance" xsi:noNamespaceSchemaLocation="https://maven.apache.org/surefire/maven-surefire-plugin/xsd/surefire-test-report-3.0.xsd" version="3.0" name="io.reactivestax.TradeProcessorTest" time="10.648" tests="22" errors="0" skipped="0" failures="0">
  <properties>
    <property name="java.specification.version" value="23"/>
    <property name="sun.jnu.encoding" value="UTF-8"/>
    <property name="java.class.path" value="/Users/Anant.Jain/source/student/anja-bootcamp-2024/pipeline-multithreaded-trade-processing/trade-processor-app/target/test-classes:/Users/Anant.Jain/source/student/anja-bootcamp-2024/pipeline-multithreaded-trade-processing/trade-processor-app/target/classes:/Users/Anant.Jain/.m2/repository/junit/junit/4.13.2/junit-4.13.2.jar:/Users/Anant.Jain/.m2/repository/org/hamcrest/hamcrest-core/1.3/hamcrest-core-1.3.jar:/Users/Anant.Jain/.m2/repository/com/github/stefanbirkner/system-rules/1.19.0/system-rules-1.19.0.jar:/Users/Anant.Jain/.m2/repository/com/zaxxer/HikariCP/6.0.0/HikariCP-6.0.0.jar:/Users/Anant.Jain/.m2/repository/com/mysql/mysql-connector-j/8.0.33/mysql-connector-j-8.0.33.jar:/Users/Anant.Jain/.m2/repository/com/google/protobuf/protobuf-java/3.21.9/protobuf-java-3.21.9.jar:/Users/Anant.Jain/.m2/repository/org/apache/logging/log4j/log4j-core/2.24.1/log4j-core-2.24.1.jar:/Users/Anant.Jain/.m2/repository/org/apache/logging/log4j/log4j-api/2.24.1/log4j-api-2.24.1.jar:/Users/Anant.Jain/.m2/repository/ch/qos/reload4j/reload4j/1.2.22/reload4j-1.2.22.jar:/Users/Anant.Jain/.m2/repository/org/slf4j/slf4j-api/2.0.16/slf4j-api-2.0.16.jar:"/>
    <property name="java.vm.vendor" value="Homebrew"/>
    <property name="sun.arch.data.model" value="64"/>
    <property name="java.vendor.url" value="https://github.com/Homebrew/homebrew-core/issues"/>
    <property name="os.name" value="Mac OS X"/>
    <property name="java.vm.specification.version" value="23"/>
    <property name="sun.java.launcher" value="SUN_STANDARD"/>
    <property name="user.country" value="CA"/>
    <property name="sun.boot.library.path" value="/opt/homebrew/Cellar/openjdk/23/libexec/openjdk.jdk/Contents/Home/lib"/>
    <property name="sun.java.command" value="/Users/Anant.Jain/source/student/anja-bootcamp-2024/pipeline-multithreaded-trade-processing/trade-processor-app/target/surefire/surefirebooter-20241004120032704_3.jar /Users/Anant.Jain/source/student/anja-bootcamp-2024/pipeline-multithreaded-trade-processing/trade-processor-app/target/surefire 2024-10-04T12-00-32_655-jvmRun1 surefire-20241004120032704_1tmp surefire_0-20241004120032704_2tmp"/>
    <property name="jdk.debug" value="release"/>
    <property name="surefire.test.class.path" value="/Users/Anant.Jain/source/student/anja-bootcamp-2024/pipeline-multithreaded-trade-processing/trade-processor-app/target/test-classes:/Users/Anant.Jain/source/student/anja-bootcamp-2024/pipeline-multithreaded-trade-processing/trade-processor-app/target/classes:/Users/Anant.Jain/.m2/repository/junit/junit/4.13.2/junit-4.13.2.jar:/Users/Anant.Jain/.m2/repository/org/hamcrest/hamcrest-core/1.3/hamcrest-core-1.3.jar:/Users/Anant.Jain/.m2/repository/com/github/stefanbirkner/system-rules/1.19.0/system-rules-1.19.0.jar:/Users/Anant.Jain/.m2/repository/com/zaxxer/HikariCP/6.0.0/HikariCP-6.0.0.jar:/Users/Anant.Jain/.m2/repository/com/mysql/mysql-connector-j/8.0.33/mysql-connector-j-8.0.33.jar:/Users/Anant.Jain/.m2/repository/com/google/protobuf/protobuf-java/3.21.9/protobuf-java-3.21.9.jar:/Users/Anant.Jain/.m2/repository/org/apache/logging/log4j/log4j-core/2.24.1/log4j-core-2.24.1.jar:/Users/Anant.Jain/.m2/repository/org/apache/logging/log4j/log4j-api/2.24.1/log4j-api-2.24.1.jar:/Users/Anant.Jain/.m2/repository/ch/qos/reload4j/reload4j/1.2.22/reload4j-1.2.22.jar:/Users/Anant.Jain/.m2/repository/org/slf4j/slf4j-api/2.0.16/slf4j-api-2.0.16.jar:"/>
    <property name="sun.cpu.endian" value="little"/>
    <property name="user.home" value="/Users/Anant.Jain"/>
    <property name="user.language" value="en"/>
    <property name="java.specification.vendor" value="Oracle Corporation"/>
    <property name="java.version.date" value="2024-09-17"/>
    <property name="java.home" value="/opt/homebrew/Cellar/openjdk/23/libexec/openjdk.jdk/Contents/Home"/>
    <property name="file.separator" value="/"/>
    <property name="basedir" value="/Users/Anant.Jain/source/student/anja-bootcamp-2024/pipeline-multithreaded-trade-processing/trade-processor-app"/>
    <property name="java.vm.compressedOopsMode" value="Zero based"/>
    <property name="line.separator" value="&#10;"/>
    <property name="java.specification.name" value="Java Platform API Specification"/>
    <property name="java.vm.specification.vendor" value="Oracle Corporation"/>
    <property name="apple.awt.application.name" value="ForkedBooter"/>
    <property name="surefire.real.class.path" value="/Users/Anant.Jain/source/student/anja-bootcamp-2024/pipeline-multithreaded-trade-processing/trade-processor-app/target/surefire/surefirebooter-20241004120032704_3.jar"/>
    <property name="sun.management.compiler" value="HotSpot 64-Bit Tiered Compilers"/>
    <property name="java.runtime.version" value="23"/>
    <property name="user.name" value="Anant.Jain"/>
    <property name="stdout.encoding" value="UTF-8"/>
    <property name="path.separator" value=":"/>
    <property name="os.version" value="14.6.1"/>
    <property name="java.runtime.name" value="OpenJDK Runtime Environment"/>
    <property name="file.encoding" value="UTF-8"/>
    <property name="java.vm.name" value="OpenJDK 64-Bit Server VM"/>
    <property name="java.vendor.version" value="Homebrew"/>
    <property name="localRepository" value="/Users/Anant.Jain/.m2/repository"/>
    <property name="java.vendor.url.bug" value="https://github.com/Homebrew/homebrew-core/issues"/>
    <property name="java.io.tmpdir" value="/var/folders/cr/gsb3gz_94ys1jdgqk6_bbp740000gp/T/"/>
    <property name="java.version" value="23"/>
    <property name="user.dir" value="/Users/Anant.Jain/source/student/anja-bootcamp-2024/pipeline-multithreaded-trade-processing/trade-processor-app"/>
    <property name="os.arch" value="aarch64"/>
    <property name="java.vm.specification.name" value="Java Virtual Machine Specification"/>
    <property name="native.encoding" value="UTF-8"/>
    <property name="java.library.path" value="/Users/Anant.Jain/Library/Java/Extensions:/Library/Java/Extensions:/Network/Library/Java/Extensions:/System/Library/Java/Extensions:/usr/lib/java:."/>
    <property name="java.vm.info" value="mixed mode, sharing"/>
    <property name="stderr.encoding" value="UTF-8"/>
    <property name="java.vendor" value="Homebrew"/>
    <property name="java.vm.version" value="23"/>
    <property name="sun.io.unicode.encoding" value="UnicodeBig"/>
    <property name="java.class.version" value="67.0"/>
  </properties>
  <testcase name="testChunkProcessorForQueueNumberWithoutMapAndRandom" classname="io.reactivestax.TradeProcessorTest" time="0.272">
    <system-err><![CDATA[SLF4J(W): No SLF4J providers were found.
SLF4J(W): Defaulting to no-operation (NOP) logger implementation
SLF4J(W): See https://www.slf4j.org/codes.html#noProviders for further details.
]]></system-err>
  </testcase>
  <testcase name="testChunkProcessorForQueueNumberWithoutMapAndRoundRobin" classname="io.reactivestax.TradeProcessorTest" time="0.005"/>
  <testcase name="testTradeProcessorRetryTransactionDeadLetterQueue" classname="io.reactivestax.TradeProcessorTest" time="0.004"/>
  <testcase name="testFileLineCounterWithWrongFilePath" classname="io.reactivestax.TradeProcessorTest" time="0.005"/>
  <testcase name="testTradeProcessorProcessForLookupStatusWithCusipNotPresentInSecuritiesReference" classname="io.reactivestax.TradeProcessorTest" time="1.232">
    <system-err><![CDATA[Oct 04, 2024 12:00:34 P.M. io.reactivestax.TradeProcessorTest cleanUp
INFO: Cleanup done
]]></system-err>
  </testcase>
  <testcase name="testChunkProcessorForQueueSize" classname="io.reactivestax.TradeProcessorTest" time="1.098">
    <system-err><![CDATA[Oct 04, 2024 12:00:35 P.M. io.reactivestax.TradeProcessorTest cleanUp
INFO: Cleanup done
]]></system-err>
  </testcase>
  <testcase name="testTradeProcessorProcessForLookupStatusWithCusipPresentInSecuritiesReference" classname="io.reactivestax.TradeProcessorTest" time="1.107">
    <system-err><![CDATA[Oct 04, 2024 12:00:36 P.M. io.reactivestax.TradeProcessorTest cleanUp
INFO: Cleanup done
]]></system-err>
  </testcase>
  <testcase name="testSetStaticValues" classname="io.reactivestax.TradeProcessorTest" time="0.002"/>
  <testcase name="testChunkProcessorForDatabaseInsertionOfRawPayload" classname="io.reactivestax.TradeProcessorTest" time="1.148">
    <system-err><![CDATA[Oct 04, 2024 12:00:37 P.M. io.reactivestax.TradeProcessorTest cleanUp
INFO: Cleanup done
]]></system-err>
  </testcase>
  <testcase name="testFileLineCounterWithCorrectFilePath" classname="io.reactivestax.TradeProcessorTest" time="0.013"/>
  <testcase name="testGenerateChunksWithCorrectFilePath" classname="io.reactivestax.TradeProcessorTest" time="0.009">
    <system-err><![CDATA[Oct 04, 2024 12:00:37 P.M. io.reactivestax.TradeProcessorTest cleanUp
INFO: Cleanup done
]]></system-err>
  </testcase>
  <testcase name="testTradeProcessorProcessForPostedStatusWithCusipNotPresentInSecuritiesReference" classname="io.reactivestax.TradeProcessorTest" time="1.18">
    <system-err><![CDATA[Oct 04, 2024 12:00:38 P.M. io.reactivestax.TradeProcessorTest cleanUp
INFO: Cleanup done
]]></system-err>
  </testcase>
  <testcase name="testChunkProcessorForQueueNumberWithMapAndRoundRobinAndTradeIdTradeDistribution" classname="io.reactivestax.TradeProcessorTest" time="0.002"/>
  <testcase name="testTradeProcessorProcessWithCorrectTradeIdForPositionsEntryInsert" classname="io.reactivestax.TradeProcessorTest" time="1.087">
    <system-err><![CDATA[Oct 04, 2024 12:00:40 P.M. io.reactivestax.TradeProcessorTest cleanUp
INFO: Cleanup done
]]></system-err>
  </testcase>
  <testcase name="testBuildFilePath" classname="io.reactivestax.TradeProcessorTest" time="0.002"/>
  <testcase name="testTradeProcessorProcessWithCorrectTradeIdForPositionsEntryUpdate" classname="io.reactivestax.TradeProcessorTest" time="1.14">
    <system-err><![CDATA[Oct 04, 2024 12:00:41 P.M. io.reactivestax.TradeProcessorTest cleanUp
INFO: Cleanup done
]]></system-err>
  </testcase>
  <testcase name="testTradeProcessorRetryTransactionRetryCountMap" classname="io.reactivestax.TradeProcessorTest" time="0.001"/>
  <testcase name="testQueueDistributorGiveToQueue" classname="io.reactivestax.TradeProcessorTest" time="0.001"/>
  <testcase name="testTradeProcessorProcessForPostedStatusWithCusipPresentInSecuritiesReference" classname="io.reactivestax.TradeProcessorTest" time="1.145">
    <system-err><![CDATA[Oct 04, 2024 12:00:42 P.M. io.reactivestax.TradeProcessorTest cleanUp
INFO: Cleanup done
]]></system-err>
  </testcase>
  <testcase name="testGenerateChunksWithIncorrectFilePath" classname="io.reactivestax.TradeProcessorTest" time="0.005">
    <system-err><![CDATA[Oct 04, 2024 12:00:42 P.M. io.reactivestax.TradeProcessorTest cleanUp
INFO: Cleanup done
]]></system-err>
  </testcase>
  <testcase name="testChunkProcessorForQueueNumberWithMapAndRandomAndAccountNumberTradeDistribution" classname="io.reactivestax.TradeProcessorTest" time="0.002"/>
  <testcase name="testTradeProcessorProcessWithCorrectTradeIdForJournalEntry" classname="io.reactivestax.TradeProcessorTest" time="1.16">
    <system-err><![CDATA[Oct 04, 2024 12:00:43 P.M. io.reactivestax.TradeProcessorTest cleanUp
INFO: Cleanup done
]]></system-err>
  </testcase>
</testsuite>