<?xml version="1.0" encoding="UTF-8"?>
<testsuite xmlns:xsi="http://www.w3.org/2001/XMLSchema-instance" xsi:noNamespaceSchemaLocation="https://maven.apache.org/surefire/maven-surefire-plugin/xsd/surefire-test-report-3.0.xsd" version="3.0" name="io.reactivestax.AppTest" time="0.014" tests="1" errors="0" skipped="0" failures="0">
  <properties>
    <property name="java.specification.version" value="23"/>
    <property name="sun.jnu.encoding" value="UTF-8"/>
    <property name="java.class.path" value="/Users/Anant.Jain/source/student/anja-bootcamp-2024/school-hibernate-app/target/test-classes:/Users/Anant.Jain/source/student/anja-bootcamp-2024/school-hibernate-app/target/classes:/Users/Anant.Jain/.m2/repository/junit/junit/4.13.2/junit-4.13.2.jar:/Users/Anant.Jain/.m2/repository/org/hamcrest/hamcrest-core/1.3/hamcrest-core-1.3.jar:/Users/Anant.Jain/.m2/repository/org/hibernate/orm/hibernate-core/6.4.0.Final/hibernate-core-6.4.0.Final.jar:/Users/Anant.Jain/.m2/repository/jakarta/persistence/jakarta.persistence-api/3.1.0/jakarta.persistence-api-3.1.0.jar:/Users/Anant.Jain/.m2/repository/jakarta/transaction/jakarta.transaction-api/2.0.1/jakarta.transaction-api-2.0.1.jar:/Users/Anant.Jain/.m2/repository/org/jboss/logging/jboss-logging/3.5.0.Final/jboss-logging-3.5.0.Final.jar:/Users/Anant.Jain/.m2/repository/org/hibernate/common/hibernate-commons-annotations/6.0.6.Final/hibernate-commons-annotations-6.0.6.Final.jar:/Users/Anant.Jain/.m2/repository/io/smallrye/jandex/3.1.2/jandex-3.1.2.jar:/Users/Anant.Jain/.m2/repository/com/fasterxml/classmate/1.5.1/classmate-1.5.1.jar:/Users/Anant.Jain/.m2/repository/net/bytebuddy/byte-buddy/1.14.7/byte-buddy-1.14.7.jar:/Users/Anant.Jain/.m2/repository/jakarta/xml/bind/jakarta.xml.bind-api/4.0.0/jakarta.xml.bind-api-4.0.0.jar:/Users/Anant.Jain/.m2/repository/jakarta/activation/jakarta.activation-api/2.1.0/jakarta.activation-api-2.1.0.jar:/Users/Anant.Jain/.m2/repository/org/glassfish/jaxb/jaxb-runtime/4.0.2/jaxb-runtime-4.0.2.jar:/Users/Anant.Jain/.m2/repository/org/glassfish/jaxb/jaxb-core/4.0.2/jaxb-core-4.0.2.jar:/Users/Anant.Jain/.m2/repository/org/eclipse/angus/angus-activation/2.0.0/angus-activation-2.0.0.jar:/Users/Anant.Jain/.m2/repository/org/glassfish/jaxb/txw2/4.0.2/txw2-4.0.2.jar:/Users/Anant.Jain/.m2/repository/com/sun/istack/istack-commons-runtime/4.1.1/istack-commons-runtime-4.1.1.jar:/Users/Anant.Jain/.m2/repository/jakarta/inject/jakarta.inject-api/2.0.1/jakarta.inject-api-2.0.1.jar:/Users/Anant.Jain/.m2/repository/org/antlr/antlr4-runtime/4.13.0/antlr4-runtime-4.13.0.jar:/Users/Anant.Jain/.m2/repository/org/projectlombok/lombok/1.18.34/lombok-1.18.34.jar:/Users/Anant.Jain/.m2/repository/ch/qos/logback/logback-classic/1.5.8/logback-classic-1.5.8.jar:/Users/Anant.Jain/.m2/repository/ch/qos/logback/logback-core/1.5.8/logback-core-1.5.8.jar:/Users/Anant.Jain/.m2/repository/com/github/stefanbirkner/system-rules/1.19.0/system-rules-1.19.0.jar:/Users/Anant.Jain/.m2/repository/com/zaxxer/HikariCP/6.0.0/HikariCP-6.0.0.jar:/Users/Anant.Jain/.m2/repository/com/mysql/mysql-connector-j/8.0.33/mysql-connector-j-8.0.33.jar:/Users/Anant.Jain/.m2/repository/com/google/protobuf/protobuf-java/3.21.9/protobuf-java-3.21.9.jar:/Users/Anant.Jain/.m2/repository/org/apache/logging/log4j/log4j-core/2.24.1/log4j-core-2.24.1.jar:/Users/Anant.Jain/.m2/repository/org/apache/logging/log4j/log4j-api/2.24.1/log4j-api-2.24.1.jar:/Users/Anant.Jain/.m2/repository/ch/qos/reload4j/reload4j/1.2.22/reload4j-1.2.22.jar:/Users/Anant.Jain/.m2/repository/org/slf4j/slf4j-api/2.0.16/slf4j-api-2.0.16.jar:"/>
    <property name="java.vm.vendor" value="Homebrew"/>
    <property name="sun.arch.data.model" value="64"/>
    <property name="java.vendor.url" value="https://github.com/Homebrew/homebrew-core/issues"/>
    <property name="os.name" value="Mac OS X"/>
    <property name="java.vm.specification.version" value="23"/>
    <property name="sun.java.launcher" value="SUN_STANDARD"/>
    <property name="user.country" value="CA"/>
    <property name="sun.boot.library.path" value="/opt/homebrew/Cellar/openjdk/23/libexec/openjdk.jdk/Contents/Home/lib"/>
    <property name="sun.java.command" value="/Users/Anant.Jain/source/student/anja-bootcamp-2024/school-hibernate-app/target/surefire/surefirebooter-20241014194815834_3.jar /Users/Anant.Jain/source/student/anja-bootcamp-2024/school-hibernate-app/target/surefire 2024-10-14T19-48-15_792-jvmRun1 surefire-20241014194815834_1tmp surefire_0-20241014194815834_2tmp"/>
    <property name="jdk.debug" value="release"/>
    <property name="surefire.test.class.path" value="/Users/Anant.Jain/source/student/anja-bootcamp-2024/school-hibernate-app/target/test-classes:/Users/Anant.Jain/source/student/anja-bootcamp-2024/school-hibernate-app/target/classes:/Users/Anant.Jain/.m2/repository/junit/junit/4.13.2/junit-4.13.2.jar:/Users/Anant.Jain/.m2/repository/org/hamcrest/hamcrest-core/1.3/hamcrest-core-1.3.jar:/Users/Anant.Jain/.m2/repository/org/hibernate/orm/hibernate-core/6.4.0.Final/hibernate-core-6.4.0.Final.jar:/Users/Anant.Jain/.m2/repository/jakarta/persistence/jakarta.persistence-api/3.1.0/jakarta.persistence-api-3.1.0.jar:/Users/Anant.Jain/.m2/repository/jakarta/transaction/jakarta.transaction-api/2.0.1/jakarta.transaction-api-2.0.1.jar:/Users/Anant.Jain/.m2/repository/org/jboss/logging/jboss-logging/3.5.0.Final/jboss-logging-3.5.0.Final.jar:/Users/Anant.Jain/.m2/repository/org/hibernate/common/hibernate-commons-annotations/6.0.6.Final/hibernate-commons-annotations-6.0.6.Final.jar:/Users/Anant.Jain/.m2/repository/io/smallrye/jandex/3.1.2/jandex-3.1.2.jar:/Users/Anant.Jain/.m2/repository/com/fasterxml/classmate/1.5.1/classmate-1.5.1.jar:/Users/Anant.Jain/.m2/repository/net/bytebuddy/byte-buddy/1.14.7/byte-buddy-1.14.7.jar:/Users/Anant.Jain/.m2/repository/jakarta/xml/bind/jakarta.xml.bind-api/4.0.0/jakarta.xml.bind-api-4.0.0.jar:/Users/Anant.Jain/.m2/repository/jakarta/activation/jakarta.activation-api/2.1.0/jakarta.activation-api-2.1.0.jar:/Users/Anant.Jain/.m2/repository/org/glassfish/jaxb/jaxb-runtime/4.0.2/jaxb-runtime-4.0.2.jar:/Users/Anant.Jain/.m2/repository/org/glassfish/jaxb/jaxb-core/4.0.2/jaxb-core-4.0.2.jar:/Users/Anant.Jain/.m2/repository/org/eclipse/angus/angus-activation/2.0.0/angus-activation-2.0.0.jar:/Users/Anant.Jain/.m2/repository/org/glassfish/jaxb/txw2/4.0.2/txw2-4.0.2.jar:/Users/Anant.Jain/.m2/repository/com/sun/istack/istack-commons-runtime/4.1.1/istack-commons-runtime-4.1.1.jar:/Users/Anant.Jain/.m2/repository/jakarta/inject/jakarta.inject-api/2.0.1/jakarta.inject-api-2.0.1.jar:/Users/Anant.Jain/.m2/repository/org/antlr/antlr4-runtime/4.13.0/antlr4-runtime-4.13.0.jar:/Users/Anant.Jain/.m2/repository/org/projectlombok/lombok/1.18.34/lombok-1.18.34.jar:/Users/Anant.Jain/.m2/repository/ch/qos/logback/logback-classic/1.5.8/logback-classic-1.5.8.jar:/Users/Anant.Jain/.m2/repository/ch/qos/logback/logback-core/1.5.8/logback-core-1.5.8.jar:/Users/Anant.Jain/.m2/repository/com/github/stefanbirkner/system-rules/1.19.0/system-rules-1.19.0.jar:/Users/Anant.Jain/.m2/repository/com/zaxxer/HikariCP/6.0.0/HikariCP-6.0.0.jar:/Users/Anant.Jain/.m2/repository/com/mysql/mysql-connector-j/8.0.33/mysql-connector-j-8.0.33.jar:/Users/Anant.Jain/.m2/repository/com/google/protobuf/protobuf-java/3.21.9/protobuf-java-3.21.9.jar:/Users/Anant.Jain/.m2/repository/org/apache/logging/log4j/log4j-core/2.24.1/log4j-core-2.24.1.jar:/Users/Anant.Jain/.m2/repository/org/apache/logging/log4j/log4j-api/2.24.1/log4j-api-2.24.1.jar:/Users/Anant.Jain/.m2/repository/ch/qos/reload4j/reload4j/1.2.22/reload4j-1.2.22.jar:/Users/Anant.Jain/.m2/repository/org/slf4j/slf4j-api/2.0.16/slf4j-api-2.0.16.jar:"/>
    <property name="sun.cpu.endian" value="little"/>
    <property name="user.home" value="/Users/Anant.Jain"/>
    <property name="user.language" value="en"/>
    <property name="java.specification.vendor" value="Oracle Corporation"/>
    <property name="java.version.date" value="2024-09-17"/>
    <property name="java.home" value="/opt/homebrew/Cellar/openjdk/23/libexec/openjdk.jdk/Contents/Home"/>
    <property name="file.separator" value="/"/>
    <property name="basedir" value="/Users/Anant.Jain/source/student/anja-bootcamp-2024/school-hibernate-app"/>
    <property name="java.vm.compressedOopsMode" value="Zero based"/>
    <property name="line.separator" value="&#10;"/>
    <property name="java.specification.name" value="Java Platform API Specification"/>
    <property name="java.vm.specification.vendor" value="Oracle Corporation"/>
    <property name="apple.awt.application.name" value="ForkedBooter"/>
    <property name="surefire.real.class.path" value="/Users/Anant.Jain/source/student/anja-bootcamp-2024/school-hibernate-app/target/surefire/surefirebooter-20241014194815834_3.jar"/>
    <property name="sun.management.compiler" value="HotSpot 64-Bit Tiered Compilers"/>
    <property name="java.runtime.version" value="23"/>
    <property name="user.name" value="Anant.Jain"/>
    <property name="stdout.encoding" value="UTF-8"/>
    <property name="path.separator" value=":"/>
    <property name="os.version" value="14.6.1"/>
    <property name="java.runtime.name" value="OpenJDK Runtime Environment"/>
    <property name="file.encoding" value="UTF-8"/>
    <property name="java.vm.name" value="OpenJDK 64-Bit Server VM"/>
    <property name="java.vendor.version" value="Homebrew"/>
    <property name="localRepository" value="/Users/Anant.Jain/.m2/repository"/>
    <property name="java.vendor.url.bug" value="https://github.com/Homebrew/homebrew-core/issues"/>
    <property name="java.io.tmpdir" value="/var/folders/cr/gsb3gz_94ys1jdgqk6_bbp740000gp/T/"/>
    <property name="java.version" value="23"/>
    <property name="user.dir" value="/Users/Anant.Jain/source/student/anja-bootcamp-2024/school-hibernate-app"/>
    <property name="os.arch" value="aarch64"/>
    <property name="java.vm.specification.name" value="Java Virtual Machine Specification"/>
    <property name="native.encoding" value="UTF-8"/>
    <property name="java.library.path" value="/Users/Anant.Jain/Library/Java/Extensions:/Library/Java/Extensions:/Network/Library/Java/Extensions:/System/Library/Java/Extensions:/usr/lib/java:."/>
    <property name="java.vm.info" value="mixed mode, sharing"/>
    <property name="stderr.encoding" value="UTF-8"/>
    <property name="java.vendor" value="Homebrew"/>
    <property name="java.vm.version" value="23"/>
    <property name="sun.io.unicode.encoding" value="UnicodeBig"/>
    <property name="java.class.version" value="67.0"/>
  </properties>
  <testcase name="testApp" classname="io.reactivestax.AppTest" time="0.001"/>
</testsuite>